d:\桌面\program_code\visual\离散数学实验\实验三\实验三\x64\debug\vc143.pdb
d:\桌面\program_code\visual\离散数学实验\实验三\实验三\x64\debug\vc143.idb
d:\桌面\program_code\visual\离散数学实验\实验三\实验三\x64\debug\test.obj
d:\桌面\program_code\visual\离散数学实验\实验三\实验三\x64\debug\task3.obj
d:\桌面\program_code\visual\离散数学实验\实验三\x64\debug\实验三.pdb
d:\桌面\program_code\visual\离散数学实验\实验三\实验三\x64\debug\实验三.tlog\cl.command.1.tlog
d:\桌面\program_code\visual\离散数学实验\实验三\实验三\x64\debug\实验三.tlog\cl.read.1.tlog
d:\桌面\program_code\visual\离散数学实验\实验三\实验三\x64\debug\实验三.tlog\cl.write.1.tlog
d:\桌面\program_code\visual\离散数学实验\实验三\实验三\x64\debug\实验三.tlog\link-cvtres.read.1.tlog
d:\桌面\program_code\visual\离散数学实验\实验三\实验三\x64\debug\实验三.tlog\link-cvtres.write.1.tlog
d:\桌面\program_code\visual\离散数学实验\实验三\实验三\x64\debug\实验三.tlog\link-rc.read.1.tlog
d:\桌面\program_code\visual\离散数学实验\实验三\实验三\x64\debug\实验三.tlog\link-rc.write.1.tlog
d:\桌面\program_code\visual\离散数学实验\实验三\实验三\x64\debug\实验三.tlog\link.15000-cvtres.read.1.tlog
d:\桌面\program_code\visual\离散数学实验\实验三\实验三\x64\debug\实验三.tlog\link.15000-cvtres.write.1.tlog
d:\桌面\program_code\visual\离散数学实验\实验三\实验三\x64\debug\实验三.tlog\link.15000-rc.read.1.tlog
d:\桌面\program_code\visual\离散数学实验\实验三\实验三\x64\debug\实验三.tlog\link.15000-rc.write.1.tlog
d:\桌面\program_code\visual\离散数学实验\实验三\实验三\x64\debug\实验三.tlog\link.15000.read.1.tlog
d:\桌面\program_code\visual\离散数学实验\实验三\实验三\x64\debug\实验三.tlog\link.15000.read.2.tlog
d:\桌面\program_code\visual\离散数学实验\实验三\实验三\x64\debug\实验三.tlog\link.15000.write.1.tlog
d:\桌面\program_code\visual\离散数学实验\实验三\实验三\x64\debug\实验三.tlog\link.command.1.tlog
d:\桌面\program_code\visual\离散数学实验\实验三\实验三\x64\debug\实验三.tlog\link.read.1.tlog
d:\桌面\program_code\visual\离散数学实验\实验三\实验三\x64\debug\实验三.tlog\link.read.2.tlog
d:\桌面\program_code\visual\离散数学实验\实验三\实验三\x64\debug\实验三.tlog\link.write.1.tlog
